libtool: compile:  gcc -I. -I/home/lozza/php_inbuilt/plinker/ext -DPHP_ATOM_INC -I/home/lozza/php_inbuilt/plinker/ext/include -I/home/lozza/php_inbuilt/plinker/ext/main -I/home/lozza/php_inbuilt/plinker/ext -I/usr/include/php/20151012 -I/usr/include/php/20151012/main -I/usr/include/php/20151012/TSRM -I/usr/include/php/20151012/Zend -I/usr/include/php/20151012/ext -I/usr/include/php/20151012/ext/date/lib -DHAVE_CONFIG_H -O2 -fvisibility=hidden -Wparentheses -flto -DZEPHIR_RELEASE=1 -c /home/lozza/php_inbuilt/plinker/ext/plinker/lib/signer.zep.c  -fPIC -DPIC -o plinker/lib/.libs/signer.o
libtool: link: rm -fr  .libs/plinker.la .libs/plinker.lai .libs/plinker.so
libtool: link: gcc -shared  -fPIC -DPIC  .libs/plinker.o kernel/.libs/main.o kernel/.libs/memory.o kernel/.libs/exception.o kernel/.libs/debug.o kernel/.libs/backtrace.o kernel/.libs/object.o kernel/.libs/array.o kernel/.libs/string.o kernel/.libs/fcall.o kernel/.libs/require.o kernel/.libs/file.o kernel/.libs/operators.o kernel/.libs/math.o kernel/.libs/concat.o kernel/.libs/variables.o kernel/.libs/filter.o kernel/.libs/iterator.o kernel/.libs/time.o kernel/.libs/exit.o plinker/.libs/client.o plinker/endpoint/.libs/system.o plinker/lib/.libs/curl.o plinker/lib/.libs/signer.o plinker/.libs/server.o    -O2 -flto   -Wl,-soname -Wl,plinker.so -o .libs/plinker.so
libtool: link: ( cd ".libs" && rm -f "plinker.la" && ln -s "../plinker.la" "plinker.la" )
libtool: install: cp ./.libs/plinker.so /home/lozza/php_inbuilt/plinker/ext/modules/plinker.so
libtool: install: cp ./.libs/plinker.lai /home/lozza/php_inbuilt/plinker/ext/modules/plinker.la
libtool: finish: PATH="/home/lozza/bin:/home/lozza/.local/bin:/usr/local/sbin:/usr/local/bin:/usr/sbin:/usr/bin:/sbin:/bin:/usr/games:/usr/local/games:/snap/bin:/sbin" ldconfig -n /home/lozza/php_inbuilt/plinker/ext/modules
----------------------------------------------------------------------
Libraries have been installed in:
   /home/lozza/php_inbuilt/plinker/ext/modules

If you ever happen to want to link against installed libraries
in a given directory, LIBDIR, you must either use libtool, and
specify the full pathname of the library, or use the '-LLIBDIR'
flag during linking and do at least one of the following:
   - add LIBDIR to the 'LD_LIBRARY_PATH' environment variable
     during execution
   - add LIBDIR to the 'LD_RUN_PATH' environment variable
     during linking
   - use the '-Wl,-rpath -Wl,LIBDIR' linker flag
   - have your system administrator add LIBDIR to '/etc/ld.so.conf'

See any operating system documentation about shared libraries for
more information, such as the ld(1) and ld.so(8) manual pages.
----------------------------------------------------------------------

Build complete.
Don't forget to run 'make test'.


Build complete.
Don't forget to run 'make test'.

Installing shared extensions:     /usr/lib/php/20151012/
Installing header files:          /usr/include/php/20151012/
